#
# There is insufficient memory for the Java Runtime Environment to continue.
# Native memory allocation (malloc) failed to allocate 1048576 bytes for AllocateHeap
# Possible reasons:
#   The system is out of physical RAM or swap space
#   In 32 bit mode, the process size limit was hit
# Possible solutions:
#   Reduce memory load on the system
#   Increase physical memory or swap space
#   Check if swap backing store is full
#   Use 64 bit Java on a 64 bit OS
#   Decrease Java heap size (-Xmx/-Xms)
#   Decrease number of Java threads
#   Decrease Java thread stack sizes (-Xss)
#   Set larger code cache with -XX:ReservedCodeCacheSize=
# This output file may be truncated or incomplete.
#
#  Out of Memory Error (memory/allocation.inline.hpp:61), pid=13912, tid=0x0000000000001f4c
#
# JRE version:  (8.0) (build )
# Java VM: OpenJDK 64-Bit Server VM (25.71-b00 mixed mode windows-amd64 compressed oops)
# Failed to write core dump. Minidumps are not enabled by default on client versions of Windows
#

---------------  T H R E A D  ---------------

Current thread (0x0000000002e53000):  JavaThread "Unknown thread" [_thread_in_vm, id=8012, stack(0x0000000002d50000,0x0000000002e50000)]

Stack: [0x0000000002d50000,0x0000000002e50000]
[error occurred during error reporting (printing stack bounds), id 0xc0000005]

Native frames: (J=compiled Java code, j=interpreted, Vv=VM code, C=native code)


---------------  P R O C E S S  ---------------

Java Threads: ( => current thread )

Other Threads:

=>0x0000000002e53000 (exited) JavaThread "Unknown thread" [_thread_in_vm, id=8012, stack(0x0000000002d50000,0x0000000002e50000)]

VM state:not at safepoint (normal execution)

VM Mutex/Monitor currently owned by a thread: None

Heap:
 PSYoungGen      total 38400K, used 665K [0x00000000d5700000, 0x00000000d8180000, 0x0000000100000000)
  eden space 33280K, 2% used [0x00000000d5700000,0x00000000d57a6670,0x00000000d7780000)
  from space 5120K, 0% used [0x00000000d7c80000,0x00000000d7c80000,0x00000000d8180000)
  to   space 5120K, 0% used [0x00000000d7780000,0x00000000d7780000,0x00000000d7c80000)
 ParOldGen       total 87552K, used 0K [0x0000000080400000, 0x0000000085980000, 0x00000000d5700000)
  object space 87552K, 0% used [0x0000000080400000,0x0000000080400000,0x0000000085980000)
 Metaspace       used 777K, capacity 4480K, committed 4480K, reserved 1056768K
  class space    used 74K, capacity 384K, committed 384K, reserved 1048576K

Card table byte_map: [0x0000000012310000,0x0000000012710000] byte_map_base: 0x0000000011f0e000

Marking Bits: (ParMarkBitMap*) 0x000000005773be50
 Begin Bits: [0x0000000012dc0000, 0x0000000014db0000)
 End Bits:   [0x0000000014db0000, 0x0000000016da0000)

Polling page: 0x0000000000fd0000

CodeCache: size=245760Kb used=328Kb max_used=328Kb free=245431Kb
 bounds [0x0000000002f50000, 0x00000000031c0000, 0x0000000011f50000]
 total_blobs=57 nmethods=0 adapters=38
 compilation: enabled

Compilation events (0 events):
No events

GC Heap History (0 events):
No events

Deoptimization events (0 events):
No events

Classes redefined (0 events):
No events

Internal exceptions (0 events):
No events

Events (10 events):
Event: 0.022 loading class java/lang/Short
Event: 0.022 loading class java/lang/Short done
Event: 0.022 loading class java/lang/Integer
Event: 0.022 loading class java/lang/Integer done
Event: 0.022 loading class java/lang/Long
Event: 0.022 loading class java/lang/Long done
Event: 0.023 loading class java/lang/NullPointerException
Event: 0.023 loading class java/lang/NullPointerException done
Event: 0.023 loading class java/lang/ArithmeticException
Event: 0.023 loading class java/lang/ArithmeticException done


Dynamic libraries:
0x00007ff6d2c80000 - 0x00007ff6d2cb5000 	C:\Program Files\Unity\Hub\Editor\2018.4.23f1\Editor\Data\PlaybackEngines\AndroidPlayer\Tools\OpenJDK\Windows\bin\java.exe
0x00007ff8f8660000 - 0x00007ff8f8850000 	C:\WINDOWS\SYSTEM32\ntdll.dll
0x00007ff8f83a0000 - 0x00007ff8f8452000 	C:\WINDOWS\System32\KERNEL32.DLL
0x00007ff8f5750000 - 0x00007ff8f59f4000 	C:\WINDOWS\System32\KERNELBASE.dll
0x00007ff8f7eb0000 - 0x00007ff8f7f53000 	C:\WINDOWS\System32\ADVAPI32.dll
0x00007ff8f8460000 - 0x00007ff8f84fe000 	C:\WINDOWS\System32\msvcrt.dll
0x00007ff8f8290000 - 0x00007ff8f8327000 	C:\WINDOWS\System32\sechost.dll
0x00007ff8f8500000 - 0x00007ff8f8620000 	C:\WINDOWS\System32\RPCRT4.dll
0x00007ff8f7f90000 - 0x00007ff8f8124000 	C:\WINDOWS\System32\USER32.dll
0x00007ff8f5720000 - 0x00007ff8f5741000 	C:\WINDOWS\System32\win32u.dll
0x00007ff8f7f60000 - 0x00007ff8f7f86000 	C:\WINDOWS\System32\GDI32.dll
0x00007ff8f5c90000 - 0x00007ff8f5e24000 	C:\WINDOWS\System32\gdi32full.dll
0x00007ff8f5bf0000 - 0x00007ff8f5c8e000 	C:\WINDOWS\System32\msvcp_win.dll
0x00007ff8f55f0000 - 0x00007ff8f56ea000 	C:\WINDOWS\System32\ucrtbase.dll
0x00007ff8e7d80000 - 0x00007ff8e8004000 	C:\WINDOWS\WinSxS\amd64_microsoft.windows.common-controls_6595b64144ccf1df_6.0.18362.836_none_e6c4b943130f18ed\COMCTL32.dll
0x00007ff8f7560000 - 0x00007ff8f7896000 	C:\WINDOWS\System32\combase.dll
0x00007ff8f5a20000 - 0x00007ff8f5aa0000 	C:\WINDOWS\System32\bcryptPrimitives.dll
0x00007ff8f67f0000 - 0x00007ff8f681e000 	C:\WINDOWS\System32\IMM32.DLL
0x00000000589b0000 - 0x0000000058a82000 	C:\Program Files\Unity\Hub\Editor\2018.4.23f1\Editor\Data\PlaybackEngines\AndroidPlayer\Tools\OpenJDK\Windows\jre\bin\msvcr100.dll
0x0000000056f70000 - 0x00000000577b9000 	C:\Program Files\Unity\Hub\Editor\2018.4.23f1\Editor\Data\PlaybackEngines\AndroidPlayer\Tools\OpenJDK\Windows\jre\bin\server\jvm.dll
0x00007ff8f79f0000 - 0x00007ff8f79f8000 	C:\WINDOWS\System32\PSAPI.DLL
0x00007ff8e0f60000 - 0x00007ff8e0f69000 	C:\WINDOWS\SYSTEM32\WSOCK32.dll
0x00007ff8f21d0000 - 0x00007ff8f21f4000 	C:\WINDOWS\SYSTEM32\WINMM.dll
0x00007ff8f7a30000 - 0x00007ff8f7a9f000 	C:\WINDOWS\System32\WS2_32.dll
0x00007ff8ee990000 - 0x00007ff8ee99a000 	C:\WINDOWS\SYSTEM32\VERSION.dll
0x00007ff8f21a0000 - 0x00007ff8f21cd000 	C:\WINDOWS\SYSTEM32\WINMMBASE.dll
0x00007ff8f66c0000 - 0x00007ff8f670a000 	C:\WINDOWS\System32\cfgmgr32.dll
0x00007ff8eb8b0000 - 0x00007ff8eb8bf000 	C:\Program Files\Unity\Hub\Editor\2018.4.23f1\Editor\Data\PlaybackEngines\AndroidPlayer\Tools\OpenJDK\Windows\jre\bin\verify.dll
0x00007ff8e18d0000 - 0x00007ff8e18f9000 	C:\Program Files\Unity\Hub\Editor\2018.4.23f1\Editor\Data\PlaybackEngines\AndroidPlayer\Tools\OpenJDK\Windows\jre\bin\java.dll
0x00007ff8e8080000 - 0x00007ff8e8096000 	C:\Program Files\Unity\Hub\Editor\2018.4.23f1\Editor\Data\PlaybackEngines\AndroidPlayer\Tools\OpenJDK\Windows\jre\bin\zip.dll

VM Arguments:
jvm_args: -Dcom.android.sdkmanager.toolsdir=C:\Users\khalid\AppData\Local\Android\Sdk\tools\bin\\.. 
java_command: com.android.sdklib.tool.AvdManagerCli list target -c
java_class_path (initial): C:\Users\khalid\AppData\Local\Android\Sdk\tools\bin\..\lib\dvlib-26.0.0-dev.jar;C:\Users\khalid\AppData\Local\Android\Sdk\tools\bin\..\lib\jimfs-1.1.jar;C:\Users\khalid\AppData\Local\Android\Sdk\tools\bin\..\lib\jsr305-1.3.9.jar;C:\Users\khalid\AppData\Local\Android\Sdk\tools\bin\..\lib\repository-26.0.0-dev.jar;C:\Users\khalid\AppData\Local\Android\Sdk\tools\bin\..\lib\j2objc-annotations-1.1.jar;C:\Users\khalid\AppData\Local\Android\Sdk\tools\bin\..\lib\layoutlib-api-26.0.0-dev.jar;C:\Users\khalid\AppData\Local\Android\Sdk\tools\bin\..\lib\gson-2.3.jar;C:\Users\khalid\AppData\Local\Android\Sdk\tools\bin\..\lib\httpcore-4.2.5.jar;C:\Users\khalid\AppData\Local\Android\Sdk\tools\bin\..\lib\commons-logging-1.1.1.jar;C:\Users\khalid\AppData\Local\Android\Sdk\tools\bin\..\lib\commons-compress-1.12.jar;C:\Users\khalid\AppData\Local\Android\Sdk\tools\bin\..\lib\annotations-26.0.0-dev.jar;C:\Users\khalid\AppData\Local\Android\Sdk\tools\bin\..\lib\error_prone_annotations-2.0.18.jar;C:\Users\khalid\AppData\Local\Android\Sdk\tools\bin\..\lib\animal-sniffer-annotations-1.14.jar;C:\Users\khalid\AppData\Local\Android\Sdk\tools\bin\..\lib\httpclient-4.2.6.jar;C:\Users\khalid\AppData\Local\Android\Sdk\tools\bin\..\lib\commons-codec-1.6.jar;C:\Users\khalid\AppData\Local\Android\Sdk\tools\bin\..\lib\common-26.0.0-dev.jar;C:\Users\khalid\AppData\Local\Android\Sdk\tools\bin\..\lib\kxml2-2.3.0.jar;C:\Users\khalid\AppData\Local\Android\Sdk\tools\bin\..\lib\httpmime-4.1.jar;C:\Users\khalid\AppData\Local\Android\Sdk\tools\bin\..\lib\annotations-12.0.jar;C:\Users\khalid\AppData\Local\Android\Sdk\tools\bin\..\lib\sdklib-26.0.0-dev.jar;C:\Users\khalid\AppData\Local\Android\Sdk\tools\bin\..\lib\guava-22.0.jar
Launcher Type: SUN_STANDARD

Environment Variables:
JAVA_HOME=C:\Program Files\Unity\Hub\Editor\2018.4.23f1\Editor\Data\PlaybackEngines\AndroidPlayer/Tools\OpenJDK\Windows
CLASSPATH=C:\Users\khalid\AppData\Local\Android\Sdk\tools\bin\..\lib\dvlib-26.0.0-dev.jar;C:\Users\khalid\AppData\Local\Android\Sdk\tools\bin\..\lib\jimfs-1.1.jar;C:\Users\khalid\AppData\Local\Android\Sdk\tools\bin\..\lib\jsr305-1.3.9.jar;C:\Users\khalid\AppData\Local\Android\Sdk\tools\bin\..\lib\repository-26.0.0-dev.jar;C:\Users\khalid\AppData\Local\Android\Sdk\tools\bin\..\lib\j2objc-annotations-1.1.jar;C:\Users\khalid\AppData\Local\Android\Sdk\tools\bin\..\lib\layoutlib-api-26.0.0-dev.jar;C:\Users\khalid\AppData\Local\Android\Sdk\tools\bin\..\lib\gson-2.3.jar;C:\Users\khalid\AppData\Local\Android\Sdk\tools\bin\..\lib\httpcore-4.2.5.jar;C:\Users\khalid\AppData\Local\Android\Sdk\tools\bin\..\lib\commons-logging-1.1.1.jar;C:\Users\khalid\AppData\Local\Android\Sdk\tools\bin\..\lib\commons-compress-1.12.jar;C:\Users\khalid\AppData\Local\Android\Sdk\tools\bin\..\lib\annotations-26.0.0-dev.jar;C:\Users\khalid\AppData\Local\Android\Sdk\tools\bin\..\lib\error_prone_annotations-2.0.18.jar;C:\Users\khalid\AppData\Local\Android\Sdk\tools\bin\..\lib\animal-sniffer-annotations-1.14.jar;C:\Users\khalid\AppData\Local\Android\Sdk\tools\bin\..\lib\httpclient-4.2.6.jar;C:\Users\khalid\AppData\Local\Android\Sdk\tools\bin\..\lib\commons-codec-1.6.jar;C:\Users\khalid\AppData\Local\Android\Sdk\tools\bin\..\lib\common-26.0.0-dev.jar;C:\Users\khalid\AppData\Local\Android\Sdk\tools\bin\..\lib\kxml2-2.3.0.jar;C:\Users\khalid\AppData\Local\Android\Sdk\tools\bin\..\lib\httpmime-4.1.jar;C:\Users\khalid\AppData\Local\Android\Sdk\tools\bin\..\lib\annotations-12.0.jar;C:\Users\khalid\AppData\Local\Android\Sdk\tools\bin\..\lib\sdklib-26.0.0-dev.jar;C:\Users\khalid\AppData\Local\Android\Sdk\tools\bin\..\lib\guava-22.0.jar
PATH=C:\oraclexe\app\oracle\product\11.2.0\server\bin;C:\Program Files (x86)\Common Files\Oracle\Java\javapath;C:\Program Files (x86)\Razer Chroma SDK\bin;C:\Program Files\Razer Chroma SDK\bin;C:\Windows\system32;C:\Windows;C:\Windows\System32\Wbem;C:\Windows\System32\WindowsPowerShell\v1.0\;C:\Windows\System32\OpenSSH\;C:\Program Files (x86)\NVIDIA Corporation\PhysX\Common;C:\Users\khalid\AppData\Local\Microsoft\WindowsApps;C:\Program Files\Git\cmd;C:\Program Files\Java\jre1.8.0_181\bin;;C:\WINDOWS\system32;C:\WINDOWS;C:\WINDOWS\System32\Wbem;C:\WINDOWS\System32\WindowsPowerShell\v1.0\;C:\WINDOWS\System32\OpenSSH\;C:\xampp\php;C:\composer;C:\Program Files\nodejs\;C:\Users\khalid\AppData\Local\Microsoft\WindowsApps;C:\Users\khalid\AppData\Roaming\Composer\vendor\bin;C:\Users\khalid\AppData\Roaming\npm
USERNAME=khalid
OS=Windows_NT
PROCESSOR_IDENTIFIER=Intel64 Family 6 Model 58 Stepping 9, GenuineIntel



---------------  S Y S T E M  ---------------

OS: Windows 10.0 , 64 bit Build 18362 (10.0.18362.778)

CPU:total 4 (initial active 4) (4 cores per cpu, 1 threads per core) family 6 model 58 stepping 9, cmov, cx8, fxsr, mmx, sse, sse2, sse3, ssse3, sse4.1, sse4.2, popcnt, avx, aes, clmul, erms, tsc, tscinvbit, tscinv

Memory: 4k page, physical 8369332k(545692k free), swap 15537332k(6124k free)

vm_info: OpenJDK 64-Bit Server VM (25.71-b00) for windows-amd64 JRE (1.8.0-adoptopenjdk-_2018_05_19_00_59-b00), built on May 19 2018 01:02:12 by "jenkins" with MS VC++ 10.0 (VS2010)

time: Wed Jun 03 22:24:55 2020
elapsed time: 0 seconds (0d 0h 0m 0s)

