Using pre-set license
Built from '2022.3/staging' branch; Version is '2022.3.14f1 (eff2de9070d8) revision 15725278'; Using compiler version '192829333'; Build Type 'Release'
OS: 'Windows 11  (10.0.22621) 64bit Core' Language: 'en' Physical Memory: 16243 MB
BatchMode: 1, IsHumanControllingUs: 0, StartBugReporterOnCrash: 0, Is64bit: 1, IsPro: 1

COMMAND LINE ARGUMENTS:
D:\Unity\Unity\2022.3.14f1\Editor\Unity.exe
-adb2
-batchMode
-noUpm
-name
AssetImportWorker0
-projectPath
D:/Unity/Unity Project/StanceStudy
-logFile
Logs/AssetImportWorker0.log
-srvPort
50933
Successfully changed project path to: D:/Unity/Unity Project/StanceStudy
D:/Unity/Unity Project/StanceStudy
[UnityMemory] Configuration Parameters - Can be set up in boot.config
    "memorysetup-bucket-allocator-granularity=16"
    "memorysetup-bucket-allocator-bucket-count=8"
    "memorysetup-bucket-allocator-block-size=33554432"
    "memorysetup-bucket-allocator-block-count=8"
    "memorysetup-main-allocator-block-size=16777216"
    "memorysetup-thread-allocator-block-size=16777216"
    "memorysetup-gfx-main-allocator-block-size=16777216"
    "memorysetup-gfx-thread-allocator-block-size=16777216"
    "memorysetup-cache-allocator-block-size=4194304"
    "memorysetup-typetree-allocator-block-size=2097152"
    "memorysetup-profiler-bucket-allocator-granularity=16"
    "memorysetup-profiler-bucket-allocator-bucket-count=8"
    "memorysetup-profiler-bucket-allocator-block-size=33554432"
    "memorysetup-profiler-bucket-allocator-block-count=8"
    "memorysetup-profiler-allocator-block-size=16777216"
    "memorysetup-profiler-editor-allocator-block-size=1048576"
    "memorysetup-temp-allocator-size-main=16777216"
    "memorysetup-job-temp-allocator-block-size=2097152"
    "memorysetup-job-temp-allocator-block-size-background=1048576"
    "memorysetup-job-temp-allocator-reduction-small-platforms=262144"
    "memorysetup-allocator-temp-initial-block-size-main=262144"
    "memorysetup-allocator-temp-initial-block-size-worker=262144"
    "memorysetup-temp-allocator-size-background-worker=32768"
    "memorysetup-temp-allocator-size-job-worker=262144"
    "memorysetup-temp-allocator-size-preload-manager=33554432"
    "memorysetup-temp-allocator-size-nav-mesh-worker=65536"
    "memorysetup-temp-allocator-size-audio-worker=65536"
    "memorysetup-temp-allocator-size-cloud-worker=32768"
    "memorysetup-temp-allocator-size-gi-baking-worker=262144"
    "memorysetup-temp-allocator-size-gfx=262144"
Player connection [10344] Host "[IP] 192.168.0.8 [Port] 0 [Flags] 2 [Guid] 3144164104 [EditorId] 3144164104 [Version] 1048832 [Id] WindowsEditor(7,khalid-pc) [Debug] 1 [PackageName] WindowsEditor [ProjectName] Editor" joined multi-casting on [225.0.0.222:54997]...

Player connection [10344] Host "[IP] 192.168.0.8 [Port] 0 [Flags] 2 [Guid] 3144164104 [EditorId] 3144164104 [Version] 1048832 [Id] WindowsEditor(7,khalid-pc) [Debug] 1 [PackageName] WindowsEditor [ProjectName] Editor" joined alternative multi-casting on [225.0.0.222:34997]...

[Physics::Module] Initialized MultithreadedJobDispatcher with 7 workers.
Refreshing native plugins compatible for Editor in 5.68 ms, found 2 plugins.
Preloading 0 native plugins for Editor in 0.00 ms.
Initialize engine version: 2022.3.14f1 (eff2de9070d8)
[Subsystems] Discovering subsystems at path D:/Unity/Unity/2022.3.14f1/Editor/Data/Resources/UnitySubsystems
[Subsystems] Discovering subsystems at path D:/Unity/Unity Project/StanceStudy/Assets
GfxDevice: creating device client; threaded=0; jobified=0
Direct3D:
    Version:  Direct3D 11.0 [level 11.1]
    Renderer: NVIDIA GeForce GTX 1660 SUPER (ID=0x21c4)
    Vendor:   NVIDIA
    VRAM:     5992 MB
    Driver:   27.21.14.5671
Initialize mono
Mono path[0] = 'D:/Unity/Unity/2022.3.14f1/Editor/Data/Managed'
Mono path[1] = 'D:/Unity/Unity/2022.3.14f1/Editor/Data/MonoBleedingEdge/lib/mono/unityjit-win32'
Mono config path = 'D:/Unity/Unity/2022.3.14f1/Editor/Data/MonoBleedingEdge/etc'
Using monoOptions --debugger-agent=transport=dt_socket,embedding=1,server=y,suspend=n,address=127.0.0.1:56480
Begin MonoManager ReloadAssembly
Registering precompiled unity dll's ...
Register platform support module: D:/Unity/Unity/2022.3.14f1/Editor/Data/PlaybackEngines/WebGLSupport/UnityEditor.WebGL.Extensions.dll
Register platform support module: D:/Unity/Unity/2022.3.14f1/Editor/Data/PlaybackEngines/AndroidPlayer/UnityEditor.Android.Extensions.dll
Register platform support module: D:/Unity/Unity/2022.3.14f1/Editor/Data/PlaybackEngines/WindowsStandaloneSupport/UnityEditor.WindowsStandalone.Extensions.dll
Registered in 0.006797 seconds.
- Loaded All Assemblies, in  0.399 seconds
Native extension for WindowsStandalone target not found
Native extension for Android target not found
Android Extension - Scanning For ADB Devices 229 ms
Native extension for WebGL target not found
Mono: successfully reloaded assembly
- Finished resetting the current domain, in  0.555 seconds
Domain Reload Profiling: 954ms
	BeginReloadAssembly (127ms)
		ExecutionOrderSort (0ms)
		DisableScriptedObjects (0ms)
		BackupInstance (0ms)
		ReleaseScriptingObjects (0ms)
		CreateAndSetChildDomain (1ms)
	RebuildCommonClasses (34ms)
	RebuildNativeTypeToScriptingClass (10ms)
	initialDomainReloadingComplete (63ms)
	LoadAllAssembliesAndSetupDomain (164ms)
		LoadAssemblies (128ms)
		RebuildTransferFunctionScriptingTraits (0ms)
		AnalyzeDomain (161ms)
			TypeCache.Refresh (159ms)
				TypeCache.ScanAssembly (145ms)
			ScanForSourceGeneratedMonoScriptInfo (0ms)
			ResolveRequiredComponents (0ms)
	FinalizeReload (555ms)
		ReleaseScriptCaches (0ms)
		RebuildScriptCaches (0ms)
		SetupLoadedEditorAssemblies (492ms)
			LogAssemblyErrors (0ms)
			InitializePlatformSupportModulesInManaged (334ms)
			SetLoadedEditorAssemblies (3ms)
			RefreshPlugins (0ms)
			BeforeProcessingInitializeOnLoad (2ms)
			ProcessInitializeOnLoadAttributes (100ms)
			ProcessInitializeOnLoadMethodAttributes (52ms)
			AfterProcessingInitializeOnLoad (0ms)
			EditorAssembliesLoaded (0ms)
		ExecutionOrderSort2 (0ms)
		AwakeInstancesAfterBackupRestoration (0ms)
========================================================================
Worker process is ready to serve import requests
Begin MonoManager ReloadAssembly
Symbol file LoadedFromMemory is not a mono symbol file
- Loaded All Assemblies, in  0.591 seconds
Refreshing native plugins compatible for Editor in 5.59 ms, found 2 plugins.
Native extension for WindowsStandalone target not found
Native extension for Android target not found
Native extension for WebGL target not found
Package Manager log level set to [2]
[Package Manager] Server::EnsureServerProcessIsRunning -- launch failed, reason: Unity was launched with the -noUpm command-line argument
[Package Manager] UpmClient::Send -- Unable to send message (not connected to UPM process).
[Package Manager] Cannot connect to Unity Package Manager local server
Mono: successfully reloaded assembly
- Finished resetting the current domain, in  0.667 seconds
Domain Reload Profiling: 1258ms
	BeginReloadAssembly (146ms)
		ExecutionOrderSort (0ms)
		DisableScriptedObjects (7ms)
		BackupInstance (0ms)
		ReleaseScriptingObjects (0ms)
		CreateAndSetChildDomain (24ms)
	RebuildCommonClasses (32ms)
	RebuildNativeTypeToScriptingClass (10ms)
	initialDomainReloadingComplete (36ms)
	LoadAllAssembliesAndSetupDomain (366ms)
		LoadAssemblies (296ms)
		RebuildTransferFunctionScriptingTraits (0ms)
		AnalyzeDomain (151ms)
			TypeCache.Refresh (121ms)
				TypeCache.ScanAssembly (100ms)
			ScanForSourceGeneratedMonoScriptInfo (22ms)
			ResolveRequiredComponents (6ms)
	FinalizeReload (668ms)
		ReleaseScriptCaches (0ms)
		RebuildScriptCaches (0ms)
		SetupLoadedEditorAssemblies (506ms)
			LogAssemblyErrors (0ms)
			InitializePlatformSupportModulesInManaged (24ms)
			SetLoadedEditorAssemblies (6ms)
			RefreshPlugins (0ms)
			BeforeProcessingInitializeOnLoad (51ms)
			ProcessInitializeOnLoadAttributes (272ms)
			ProcessInitializeOnLoadMethodAttributes (151ms)
			AfterProcessingInitializeOnLoad (2ms)
			EditorAssembliesLoaded (0ms)
		ExecutionOrderSort2 (0ms)
		AwakeInstancesAfterBackupRestoration (7ms)
Launched and connected shader compiler UnityShaderCompiler.exe after 0.03 seconds
Refreshing native plugins compatible for Editor in 4.25 ms, found 2 plugins.
Preloading 0 native plugins for Editor in 0.00 ms.
Unloading 2547 Unused Serialized files (Serialized files now loaded: 0)
Unloading 61 unused Assets / (68.8 KB). Loaded Objects now: 2991.
Memory consumption went from 116.7 MB to 116.6 MB.
Total: 6.453500 ms (FindLiveObjects: 0.151200 ms CreateObjectMapping: 0.060400 ms MarkObjects: 6.105700 ms  DeleteObjects: 0.135000 ms)

AssetImportParameters requested are different than current active one (requested -> active):
  custom:video-decoder-webm-vp8: 9c59270c3fd7afecdb556c50c9e8de78 -> 
  custom:SearchIndexIgnoredProperties: e643bd26f0fe6173181afceb89e7c659 -> 
  custom:container-demuxer-ogg: 62fdf1f143b41e24485cea50d1cbac27 -> 
  custom:AudioImporter_EditorPlatform: d09bf68614088b80899f8185d706f6e7 -> 
  custom:video-codec-MediaFoundation-h265: 746d11721c4dcdbdad8f713fa42b33f4 -> 
  custom:video-decoder-ogg-theora: a1e56fd34408186e4bbccfd4996cb3dc -> 
  custom:framework-win-MediaFoundation: 216162199b28c13a410421893ffa2e32 -> 
  custom:video-encoder-webm-vp8: eb34c28f22e8b96e1ab97ce403110664 -> 
  custom:audio-decoder-ogg-vorbis: bf7c407c2cedff20999df2af8eb42d56 -> 
  custom:CustomObjectIndexerAttribute: 756ad292c208cfabdd7b50bc23989ffe -> 
  custom:container-demuxer-webm: 4f35f7cbe854078d1ac9338744f61a02 -> 
  custom:audio-encoder-webm-vorbis: bf7c407c2cedff20999df2af8eb42d56 -> 
  custom:container-muxer-webm: aa71ff27fc2769a1b78a27578f13a17b -> 
========================================================================
Received Import Request.
  Time since last request: 4788.177995 seconds.
  path: Assets/Prefabs/pot.prefab
  artifactKey: Guid(51a04607c4f90d24ab44d90aeb7c4785) Importer(815301076,1909f56bfc062723c751e8b465ee728b)
Start importing Assets/Prefabs/pot.prefab using Guid(51a04607c4f90d24ab44d90aeb7c4785) Importer(815301076,1909f56bfc062723c751e8b465ee728b)  -> (artifact id: '8672550a2d1f84a749c859ccafa0da43') in 0.082037 seconds
Number of updated asset objects reloaded before import = 0
Number of asset objects unloaded after import = 22
========================================================================
Received Import Request.
  Time since last request: 0.000033 seconds.
  path: Assets/Prefabs/sign.prefab
  artifactKey: Guid(9ee14c7a2002a2749afbfd041a98fa5b) Importer(815301076,1909f56bfc062723c751e8b465ee728b)
Start importing Assets/Prefabs/sign.prefab using Guid(9ee14c7a2002a2749afbfd041a98fa5b) Importer(815301076,1909f56bfc062723c751e8b465ee728b)  -> (artifact id: '723222b09e95bef93a4278c523cbbe84') in 0.012732 seconds
Number of updated asset objects reloaded before import = 0
Number of asset objects unloaded after import = 9
========================================================================
Received Import Request.
  Time since last request: 0.000015 seconds.
  path: Assets/Scripts/ScriptableObject/PlayerHealth.asset
  artifactKey: Guid(2d0daf8c9dd0f104c8ff928cff4172b8) Importer(815301076,1909f56bfc062723c751e8b465ee728b)
Start importing Assets/Scripts/ScriptableObject/PlayerHealth.asset using Guid(2d0daf8c9dd0f104c8ff928cff4172b8) Importer(815301076,1909f56bfc062723c751e8b465ee728b)  -> (artifact id: 'e4664defba77882e4106d8a90acf9251') in 0.001004 seconds
Number of updated asset objects reloaded before import = 0
Number of asset objects unloaded after import = 1
========================================================================
Received Import Request.
  Time since last request: 0.000011 seconds.
  path: Assets/Prefabs/RoomTransfer.prefab
  artifactKey: Guid(5314c5554933da84580b2c35aa5cbaa4) Importer(815301076,1909f56bfc062723c751e8b465ee728b)
Start importing Assets/Prefabs/RoomTransfer.prefab using Guid(5314c5554933da84580b2c35aa5cbaa4) Importer(815301076,1909f56bfc062723c751e8b465ee728b)  -> (artifact id: '55e9d47939aa9022a56c9944afd9aa46') in 0.002545 seconds
Number of updated asset objects reloaded before import = 0
Number of asset objects unloaded after import = 6
========================================================================
Received Import Request.
  Time since last request: 1.092295 seconds.
  path: Assets/Art/Map/Untitled-1.png
  artifactKey: Guid(4bc3ef8568688b146a17ce7224a022bd) Importer(815301076,1909f56bfc062723c751e8b465ee728b)
Start importing Assets/Art/Map/Untitled-1.png using Guid(4bc3ef8568688b146a17ce7224a022bd) Importer(815301076,1909f56bfc062723c751e8b465ee728b)  -> (artifact id: '32a7d21c1174e717391f11f1e512c0f9') in 1.143011 seconds
Number of updated asset objects reloaded before import = 0
Number of asset objects unloaded after import = 857
========================================================================
Received Import Request.
  Time since last request: 2.140193 seconds.
  path: Assets/Scenes/SampleScene.unity
  artifactKey: Guid(6d0fee19e4ffca4418168475ecf61332) Importer(815301076,1909f56bfc062723c751e8b465ee728b)
Start importing Assets/Scenes/SampleScene.unity using Guid(6d0fee19e4ffca4418168475ecf61332) Importer(815301076,1909f56bfc062723c751e8b465ee728b)  -> (artifact id: '3b4431027dfb24129bb8b3e3f69f4577') in 0.000401 seconds
Number of updated asset objects reloaded before import = 0
Number of asset objects unloaded after import = 0
========================================================================
Received Import Request.
  Time since last request: 20.170431 seconds.
  path: Assets/TilePalette/Grass_0.asset
  artifactKey: Guid(586bebd1746294f4d91d9203d294edec) Importer(815301076,1909f56bfc062723c751e8b465ee728b)
Start importing Assets/TilePalette/Grass_0.asset using Guid(586bebd1746294f4d91d9203d294edec) Importer(815301076,1909f56bfc062723c751e8b465ee728b)  -> (artifact id: 'cb59dd9738b71ede38bef8f07b4af2c1') in 0.014695 seconds
Number of updated asset objects reloaded before import = 0
Number of asset objects unloaded after import = 3
========================================================================
Received Import Request.
  Time since last request: 0.000017 seconds.
  path: Assets/TilePalette/Object.prefab
  artifactKey: Guid(1f0e2a8543765e9459f759fb899f60d2) Importer(815301076,1909f56bfc062723c751e8b465ee728b)
Start importing Assets/TilePalette/Object.prefab using Guid(1f0e2a8543765e9459f759fb899f60d2) Importer(815301076,1909f56bfc062723c751e8b465ee728b)  -> (artifact id: '279d2f6eb8bb0f82c9506da4eb6a9f25') in 0.034628 seconds
Number of updated asset objects reloaded before import = 0
Number of asset objects unloaded after import = 161
========================================================================
Received Import Request.
  Time since last request: 0.000015 seconds.
  path: Assets/TilePalette/Ground2.prefab
  artifactKey: Guid(9b6f294c832c9e94caca35e4f2934876) Importer(815301076,1909f56bfc062723c751e8b465ee728b)
Start importing Assets/TilePalette/Ground2.prefab using Guid(9b6f294c832c9e94caca35e4f2934876) Importer(815301076,1909f56bfc062723c751e8b465ee728b)  -> (artifact id: '5db3faeb33e4afc716fee106185e44b3') in 0.269381 seconds
Number of updated asset objects reloaded before import = 0
Number of asset objects unloaded after import = 2159
========================================================================
Received Import Request.
  Time since last request: 0.000023 seconds.
  path: Assets/TilePalette/Grass_10.asset
  artifactKey: Guid(a9d1c4453a14c774280b72aaf01d4524) Importer(815301076,1909f56bfc062723c751e8b465ee728b)
Start importing Assets/TilePalette/Grass_10.asset using Guid(a9d1c4453a14c774280b72aaf01d4524) Importer(815301076,1909f56bfc062723c751e8b465ee728b)  -> (artifact id: '827f88acb4d96902dfe79c89b959d3a6') in 0.009439 seconds
Number of updated asset objects reloaded before import = 0
Number of asset objects unloaded after import = 3
========================================================================
Received Import Request.
  Time since last request: 0.000028 seconds.
  path: Assets/TilePalette/Grass_5.asset
  artifactKey: Guid(31e70ccb413644a479fbf5c36f0bf06a) Importer(815301076,1909f56bfc062723c751e8b465ee728b)
Start importing Assets/TilePalette/Grass_5.asset using Guid(31e70ccb413644a479fbf5c36f0bf06a) Importer(815301076,1909f56bfc062723c751e8b465ee728b)  -> (artifact id: '14bfa2f7fd464043220998bdee6acbb9') in 0.009752 seconds
Number of updated asset objects reloaded before import = 0
Number of asset objects unloaded after import = 3
========================================================================
Received Import Request.
  Time since last request: 0.000015 seconds.
  path: Assets/TilePalette/objects_3.asset
  artifactKey: Guid(98416a1932c1cfd44826df6a5c4ee019) Importer(815301076,1909f56bfc062723c751e8b465ee728b)
Start importing Assets/TilePalette/objects_3.asset using Guid(98416a1932c1cfd44826df6a5c4ee019) Importer(815301076,1909f56bfc062723c751e8b465ee728b)  -> (artifact id: 'dd7dbf523fd95f8998265ec85cdf8e37') in 0.013400 seconds
Number of updated asset objects reloaded before import = 0
Number of asset objects unloaded after import = 3
========================================================================
Received Import Request.
  Time since last request: 0.000019 seconds.
  path: Assets/TilePalette/objects_7.asset
  artifactKey: Guid(36a9a32ccd4f01545b6f9c52ae13ffe5) Importer(815301076,1909f56bfc062723c751e8b465ee728b)
Start importing Assets/TilePalette/objects_7.asset using Guid(36a9a32ccd4f01545b6f9c52ae13ffe5) Importer(815301076,1909f56bfc062723c751e8b465ee728b)  -> (artifact id: '1ed37d688cc2f3ecb2e95395b5817f28') in 0.010820 seconds
Number of updated asset objects reloaded before import = 0
Number of asset objects unloaded after import = 3
========================================================================
Received Import Request.
  Time since last request: 0.000022 seconds.
  path: Assets/TilePalette/Grass_8.asset
  artifactKey: Guid(449e0f13b2ca6a94f8fcfff2bb8a65b2) Importer(815301076,1909f56bfc062723c751e8b465ee728b)
Start importing Assets/TilePalette/Grass_8.asset using Guid(449e0f13b2ca6a94f8fcfff2bb8a65b2) Importer(815301076,1909f56bfc062723c751e8b465ee728b)  -> (artifact id: 'eac84c885d7f801372d76493e9142560') in 0.012511 seconds
Number of updated asset objects reloaded before import = 0
Number of asset objects unloaded after import = 3
========================================================================
Received Import Request.
  Time since last request: 0.000022 seconds.
  path: Assets/TilePalette/objects_9.asset
  artifactKey: Guid(1af22c964efc91441861a21b070d2b91) Importer(815301076,1909f56bfc062723c751e8b465ee728b)
Start importing Assets/TilePalette/objects_9.asset using Guid(1af22c964efc91441861a21b070d2b91) Importer(815301076,1909f56bfc062723c751e8b465ee728b)  -> (artifact id: '843fd6d202f440734357582c7ee6e117') in 0.011791 seconds
Number of updated asset objects reloaded before import = 0
Number of asset objects unloaded after import = 3
========================================================================
Received Import Request.
  Time since last request: 0.000015 seconds.
  path: Assets/TilePalette/objects_11.asset
  artifactKey: Guid(20b30f4b37a51414fae5fd6bfb277933) Importer(815301076,1909f56bfc062723c751e8b465ee728b)
Start importing Assets/TilePalette/objects_11.asset using Guid(20b30f4b37a51414fae5fd6bfb277933) Importer(815301076,1909f56bfc062723c751e8b465ee728b)  -> (artifact id: '4505c5a0cbf7a21511312988ff8b4fef') in 0.010489 seconds
Number of updated asset objects reloaded before import = 0
Number of asset objects unloaded after import = 3
========================================================================
Received Import Request.
  Time since last request: 0.000019 seconds.
  path: Assets/TilePalette/Grass_4.asset
  artifactKey: Guid(60b9bb3bfce62244a9cad6b3b939b3b6) Importer(815301076,1909f56bfc062723c751e8b465ee728b)
Start importing Assets/TilePalette/Grass_4.asset using Guid(60b9bb3bfce62244a9cad6b3b939b3b6) Importer(815301076,1909f56bfc062723c751e8b465ee728b)  -> (artifact id: '5daa68d267da6afb3c90cdd8736abee3') in 0.012172 seconds
Number of updated asset objects reloaded before import = 0
Number of asset objects unloaded after import = 3
========================================================================
Received Import Request.
  Time since last request: 0.000018 seconds.
  path: Assets/TilePalette/objects_5.asset
  artifactKey: Guid(e38dbe7a776f3614f9ab495aeb2d4913) Importer(815301076,1909f56bfc062723c751e8b465ee728b)
Start importing Assets/TilePalette/objects_5.asset using Guid(e38dbe7a776f3614f9ab495aeb2d4913) Importer(815301076,1909f56bfc062723c751e8b465ee728b)  -> (artifact id: '9e263ff4a736bb7a5ea1d9aa7bf5e7f7') in 0.015600 seconds
Number of updated asset objects reloaded before import = 0
Number of asset objects unloaded after import = 3
========================================================================
Received Import Request.
  Time since last request: 3.473724 seconds.
  path: Assets/Art/Chara/atack.png
  artifactKey: Guid(e0b073ad45a90484cbc9b87aeafd3775) Importer(815301076,1909f56bfc062723c751e8b465ee728b)
Start importing Assets/Art/Chara/atack.png using Guid(e0b073ad45a90484cbc9b87aeafd3775) Importer(815301076,1909f56bfc062723c751e8b465ee728b)  -> (artifact id: 'a3f120bbf62a62003dbade75d905d8e5') in 0.045216 seconds
Number of updated asset objects reloaded before import = 0
Number of asset objects unloaded after import = 18
========================================================================
Received Import Request.
  Time since last request: 0.000018 seconds.
  path: Assets/Art/Chara/sword.png
  artifactKey: Guid(3683f7696108ee44993b89e73c1b7149) Importer(815301076,1909f56bfc062723c751e8b465ee728b)
Start importing Assets/Art/Chara/sword.png using Guid(3683f7696108ee44993b89e73c1b7149) Importer(815301076,1909f56bfc062723c751e8b465ee728b)  -> (artifact id: 'c88ad90d3e9ac7f13b28b267c9926b3b') in 0.051074 seconds
Number of updated asset objects reloaded before import = 0
Number of asset objects unloaded after import = 17
========================================================================
Received Import Request.
  Time since last request: 0.000019 seconds.
  path: Assets/Art/Chara/character.png
  artifactKey: Guid(ae9b3e7d728795a48a8cddabbf5f810f) Importer(815301076,1909f56bfc062723c751e8b465ee728b)
Start importing Assets/Art/Chara/character.png using Guid(ae9b3e7d728795a48a8cddabbf5f810f) Importer(815301076,1909f56bfc062723c751e8b465ee728b)  -> (artifact id: 'd3b2bb65fa0aa177ca1b7cb64f7a898f') in 0.078614 seconds
Number of updated asset objects reloaded before import = 0
Number of asset objects unloaded after import = 46
========================================================================
Received Prepare
Begin MonoManager ReloadAssembly
Symbol file LoadedFromMemory is not a mono symbol file
- Loaded All Assemblies, in  0.470 seconds
Refreshing native plugins compatible for Editor in 3.15 ms, found 2 plugins.
Native extension for WindowsStandalone target not found
Native extension for Android target not found
Native extension for WebGL target not found
[Package Manager] Server::EnsureServerProcessIsRunning -- launch failed, reason: Unity was launched with the -noUpm command-line argument
[Package Manager] UpmClient::Send -- Unable to send message (not connected to UPM process).
[Package Manager] Cannot connect to Unity Package Manager local server
Mono: successfully reloaded assembly
- Finished resetting the current domain, in  0.782 seconds
Domain Reload Profiling: 1252ms
	BeginReloadAssembly (222ms)
		ExecutionOrderSort (0ms)
		DisableScriptedObjects (4ms)
		BackupInstance (0ms)
		ReleaseScriptingObjects (0ms)
		CreateAndSetChildDomain (34ms)
	RebuildCommonClasses (33ms)
	RebuildNativeTypeToScriptingClass (10ms)
	initialDomainReloadingComplete (18ms)
	LoadAllAssembliesAndSetupDomain (187ms)
		LoadAssemblies (252ms)
		RebuildTransferFunctionScriptingTraits (0ms)
		AnalyzeDomain (8ms)
			TypeCache.Refresh (5ms)
				TypeCache.ScanAssembly (0ms)
			ScanForSourceGeneratedMonoScriptInfo (0ms)
			ResolveRequiredComponents (2ms)
	FinalizeReload (783ms)
		ReleaseScriptCaches (0ms)
		RebuildScriptCaches (0ms)
		SetupLoadedEditorAssemblies (522ms)
			LogAssemblyErrors (0ms)
			InitializePlatformSupportModulesInManaged (18ms)
			SetLoadedEditorAssemblies (5ms)
			RefreshPlugins (0ms)
			BeforeProcessingInitializeOnLoad (45ms)
			ProcessInitializeOnLoadAttributes (299ms)
			ProcessInitializeOnLoadMethodAttributes (154ms)
			AfterProcessingInitializeOnLoad (2ms)
			EditorAssembliesLoaded (0ms)
		ExecutionOrderSort2 (0ms)
		AwakeInstancesAfterBackupRestoration (9ms)
Refreshing native plugins compatible for Editor in 3.59 ms, found 2 plugins.
Preloading 0 native plugins for Editor in 0.00 ms.
Unloading 2540 Unused Serialized files (Serialized files now loaded: 0)
Unloading 52 unused Assets / (43.2 KB). Loaded Objects now: 3028.
Memory consumption went from 118.5 MB to 118.5 MB.
Total: 5.960800 ms (FindLiveObjects: 0.183600 ms CreateObjectMapping: 0.090800 ms MarkObjects: 5.621500 ms  DeleteObjects: 0.063600 ms)

Prepare: number of updated asset objects reloaded= 0
AssetImportParameters requested are different than current active one (requested -> active):
  custom:video-decoder-webm-vp8: 9c59270c3fd7afecdb556c50c9e8de78 -> 
  custom:SearchIndexIgnoredProperties: e643bd26f0fe6173181afceb89e7c659 -> 
  custom:container-demuxer-ogg: 62fdf1f143b41e24485cea50d1cbac27 -> 
  custom:AudioImporter_EditorPlatform: d09bf68614088b80899f8185d706f6e7 -> 
  custom:video-codec-MediaFoundation-h265: 746d11721c4dcdbdad8f713fa42b33f4 -> 
  custom:video-decoder-ogg-theora: a1e56fd34408186e4bbccfd4996cb3dc -> 
  custom:framework-win-MediaFoundation: 216162199b28c13a410421893ffa2e32 -> 
  custom:video-encoder-webm-vp8: eb34c28f22e8b96e1ab97ce403110664 -> 
  custom:audio-decoder-ogg-vorbis: bf7c407c2cedff20999df2af8eb42d56 -> 
  custom:CustomObjectIndexerAttribute: 756ad292c208cfabdd7b50bc23989ffe -> 
  custom:container-demuxer-webm: 4f35f7cbe854078d1ac9338744f61a02 -> 
  custom:audio-encoder-webm-vorbis: bf7c407c2cedff20999df2af8eb42d56 -> 
  custom:container-muxer-webm: aa71ff27fc2769a1b78a27578f13a17b -> 
