Using pre-set license
Built from '2022.3/staging' branch; Version is '2022.3.14f1 (eff2de9070d8) revision 15725278'; Using compiler version '192829333'; Build Type 'Release'
OS: 'Windows 11  (10.0.22621) 64bit Core' Language: 'en' Physical Memory: 16243 MB
BatchMode: 1, IsHumanControllingUs: 0, StartBugReporterOnCrash: 0, Is64bit: 1, IsPro: 1

COMMAND LINE ARGUMENTS:
D:\Unity\Unity\2022.3.14f1\Editor\Unity.exe
-adb2
-batchMode
-noUpm
-name
AssetImportWorker1
-projectPath
D:/Unity/Unity Project/StanceStudy
-logFile
Logs/AssetImportWorker1.log
-srvPort
50933
Successfully changed project path to: D:/Unity/Unity Project/StanceStudy
D:/Unity/Unity Project/StanceStudy
[UnityMemory] Configuration Parameters - Can be set up in boot.config
    "memorysetup-bucket-allocator-granularity=16"
    "memorysetup-bucket-allocator-bucket-count=8"
    "memorysetup-bucket-allocator-block-size=33554432"
    "memorysetup-bucket-allocator-block-count=8"
    "memorysetup-main-allocator-block-size=16777216"
    "memorysetup-thread-allocator-block-size=16777216"
    "memorysetup-gfx-main-allocator-block-size=16777216"
    "memorysetup-gfx-thread-allocator-block-size=16777216"
    "memorysetup-cache-allocator-block-size=4194304"
    "memorysetup-typetree-allocator-block-size=2097152"
    "memorysetup-profiler-bucket-allocator-granularity=16"
    "memorysetup-profiler-bucket-allocator-bucket-count=8"
    "memorysetup-profiler-bucket-allocator-block-size=33554432"
    "memorysetup-profiler-bucket-allocator-block-count=8"
    "memorysetup-profiler-allocator-block-size=16777216"
    "memorysetup-profiler-editor-allocator-block-size=1048576"
    "memorysetup-temp-allocator-size-main=16777216"
    "memorysetup-job-temp-allocator-block-size=2097152"
    "memorysetup-job-temp-allocator-block-size-background=1048576"
    "memorysetup-job-temp-allocator-reduction-small-platforms=262144"
    "memorysetup-allocator-temp-initial-block-size-main=262144"
    "memorysetup-allocator-temp-initial-block-size-worker=262144"
    "memorysetup-temp-allocator-size-background-worker=32768"
    "memorysetup-temp-allocator-size-job-worker=262144"
    "memorysetup-temp-allocator-size-preload-manager=33554432"
    "memorysetup-temp-allocator-size-nav-mesh-worker=65536"
    "memorysetup-temp-allocator-size-audio-worker=65536"
    "memorysetup-temp-allocator-size-cloud-worker=32768"
    "memorysetup-temp-allocator-size-gi-baking-worker=262144"
    "memorysetup-temp-allocator-size-gfx=262144"
Player connection [9004] Host "[IP] 192.168.0.8 [Port] 0 [Flags] 2 [Guid] 2863936199 [EditorId] 2863936199 [Version] 1048832 [Id] WindowsEditor(7,khalid-pc) [Debug] 1 [PackageName] WindowsEditor [ProjectName] Editor" joined multi-casting on [225.0.0.222:54997]...

Player connection [9004] Host "[IP] 192.168.0.8 [Port] 0 [Flags] 2 [Guid] 2863936199 [EditorId] 2863936199 [Version] 1048832 [Id] WindowsEditor(7,khalid-pc) [Debug] 1 [PackageName] WindowsEditor [ProjectName] Editor" joined alternative multi-casting on [225.0.0.222:34997]...

[Physics::Module] Initialized MultithreadedJobDispatcher with 7 workers.
Refreshing native plugins compatible for Editor in 5.92 ms, found 2 plugins.
Preloading 0 native plugins for Editor in 0.00 ms.
Initialize engine version: 2022.3.14f1 (eff2de9070d8)
[Subsystems] Discovering subsystems at path D:/Unity/Unity/2022.3.14f1/Editor/Data/Resources/UnitySubsystems
[Subsystems] Discovering subsystems at path D:/Unity/Unity Project/StanceStudy/Assets
GfxDevice: creating device client; threaded=0; jobified=0
Direct3D:
    Version:  Direct3D 11.0 [level 11.1]
    Renderer: NVIDIA GeForce GTX 1660 SUPER (ID=0x21c4)
    Vendor:   NVIDIA
    VRAM:     5992 MB
    Driver:   27.21.14.5671
Initialize mono
Mono path[0] = 'D:/Unity/Unity/2022.3.14f1/Editor/Data/Managed'
Mono path[1] = 'D:/Unity/Unity/2022.3.14f1/Editor/Data/MonoBleedingEdge/lib/mono/unityjit-win32'
Mono config path = 'D:/Unity/Unity/2022.3.14f1/Editor/Data/MonoBleedingEdge/etc'
Using monoOptions --debugger-agent=transport=dt_socket,embedding=1,server=y,suspend=n,address=127.0.0.1:56788
Begin MonoManager ReloadAssembly
Registering precompiled unity dll's ...
Register platform support module: D:/Unity/Unity/2022.3.14f1/Editor/Data/PlaybackEngines/WebGLSupport/UnityEditor.WebGL.Extensions.dll
Register platform support module: D:/Unity/Unity/2022.3.14f1/Editor/Data/PlaybackEngines/AndroidPlayer/UnityEditor.Android.Extensions.dll
Register platform support module: D:/Unity/Unity/2022.3.14f1/Editor/Data/PlaybackEngines/WindowsStandaloneSupport/UnityEditor.WindowsStandalone.Extensions.dll
Registered in 0.006881 seconds.
- Loaded All Assemblies, in  0.394 seconds
Native extension for WindowsStandalone target not found
Native extension for Android target not found
Android Extension - Scanning For ADB Devices 231 ms
Native extension for WebGL target not found
Mono: successfully reloaded assembly
- Finished resetting the current domain, in  0.556 seconds
Domain Reload Profiling: 950ms
	BeginReloadAssembly (125ms)
		ExecutionOrderSort (0ms)
		DisableScriptedObjects (0ms)
		BackupInstance (0ms)
		ReleaseScriptingObjects (0ms)
		CreateAndSetChildDomain (1ms)
	RebuildCommonClasses (34ms)
	RebuildNativeTypeToScriptingClass (11ms)
	initialDomainReloadingComplete (66ms)
	LoadAllAssembliesAndSetupDomain (158ms)
		LoadAssemblies (125ms)
		RebuildTransferFunctionScriptingTraits (0ms)
		AnalyzeDomain (154ms)
			TypeCache.Refresh (153ms)
				TypeCache.ScanAssembly (138ms)
			ScanForSourceGeneratedMonoScriptInfo (0ms)
			ResolveRequiredComponents (1ms)
	FinalizeReload (556ms)
		ReleaseScriptCaches (0ms)
		RebuildScriptCaches (0ms)
		SetupLoadedEditorAssemblies (491ms)
			LogAssemblyErrors (0ms)
			InitializePlatformSupportModulesInManaged (340ms)
			SetLoadedEditorAssemblies (3ms)
			RefreshPlugins (0ms)
			BeforeProcessingInitializeOnLoad (3ms)
			ProcessInitializeOnLoadAttributes (98ms)
			ProcessInitializeOnLoadMethodAttributes (47ms)
			AfterProcessingInitializeOnLoad (0ms)
			EditorAssembliesLoaded (0ms)
		ExecutionOrderSort2 (0ms)
		AwakeInstancesAfterBackupRestoration (0ms)
========================================================================
Worker process is ready to serve import requests
Begin MonoManager ReloadAssembly
Symbol file LoadedFromMemory is not a mono symbol file
- Loaded All Assemblies, in  0.591 seconds
Refreshing native plugins compatible for Editor in 4.49 ms, found 2 plugins.
Native extension for WindowsStandalone target not found
Native extension for Android target not found
Native extension for WebGL target not found
Package Manager log level set to [2]
[Package Manager] Server::EnsureServerProcessIsRunning -- launch failed, reason: Unity was launched with the -noUpm command-line argument
[Package Manager] UpmClient::Send -- Unable to send message (not connected to UPM process).
[Package Manager] Cannot connect to Unity Package Manager local server
Mono: successfully reloaded assembly
- Finished resetting the current domain, in  0.669 seconds
Domain Reload Profiling: 1260ms
	BeginReloadAssembly (144ms)
		ExecutionOrderSort (0ms)
		DisableScriptedObjects (6ms)
		BackupInstance (0ms)
		ReleaseScriptingObjects (0ms)
		CreateAndSetChildDomain (23ms)
	RebuildCommonClasses (32ms)
	RebuildNativeTypeToScriptingClass (11ms)
	initialDomainReloadingComplete (35ms)
	LoadAllAssembliesAndSetupDomain (368ms)
		LoadAssemblies (307ms)
		RebuildTransferFunctionScriptingTraits (0ms)
		AnalyzeDomain (144ms)
			TypeCache.Refresh (117ms)
				TypeCache.ScanAssembly (96ms)
			ScanForSourceGeneratedMonoScriptInfo (24ms)
			ResolveRequiredComponents (3ms)
	FinalizeReload (670ms)
		ReleaseScriptCaches (0ms)
		RebuildScriptCaches (0ms)
		SetupLoadedEditorAssemblies (501ms)
			LogAssemblyErrors (0ms)
			InitializePlatformSupportModulesInManaged (24ms)
			SetLoadedEditorAssemblies (6ms)
			RefreshPlugins (0ms)
			BeforeProcessingInitializeOnLoad (51ms)
			ProcessInitializeOnLoadAttributes (269ms)
			ProcessInitializeOnLoadMethodAttributes (150ms)
			AfterProcessingInitializeOnLoad (2ms)
			EditorAssembliesLoaded (0ms)
		ExecutionOrderSort2 (0ms)
		AwakeInstancesAfterBackupRestoration (8ms)
Launched and connected shader compiler UnityShaderCompiler.exe after 0.04 seconds
Refreshing native plugins compatible for Editor in 4.20 ms, found 2 plugins.
Preloading 0 native plugins for Editor in 0.00 ms.
Unloading 2547 Unused Serialized files (Serialized files now loaded: 0)
Unloading 61 unused Assets / (68.8 KB). Loaded Objects now: 2991.
Memory consumption went from 116.7 MB to 116.6 MB.
Total: 6.196700 ms (FindLiveObjects: 0.192500 ms CreateObjectMapping: 0.088900 ms MarkObjects: 5.766200 ms  DeleteObjects: 0.146900 ms)

AssetImportParameters requested are different than current active one (requested -> active):
  custom:video-decoder-webm-vp8: 9c59270c3fd7afecdb556c50c9e8de78 -> 
  custom:SearchIndexIgnoredProperties: e643bd26f0fe6173181afceb89e7c659 -> 
  custom:container-demuxer-ogg: 62fdf1f143b41e24485cea50d1cbac27 -> 
  custom:AudioImporter_EditorPlatform: d09bf68614088b80899f8185d706f6e7 -> 
  custom:video-codec-MediaFoundation-h265: 746d11721c4dcdbdad8f713fa42b33f4 -> 
  custom:video-decoder-ogg-theora: a1e56fd34408186e4bbccfd4996cb3dc -> 
  custom:framework-win-MediaFoundation: 216162199b28c13a410421893ffa2e32 -> 
  custom:video-encoder-webm-vp8: eb34c28f22e8b96e1ab97ce403110664 -> 
  custom:audio-decoder-ogg-vorbis: bf7c407c2cedff20999df2af8eb42d56 -> 
  custom:CustomObjectIndexerAttribute: 756ad292c208cfabdd7b50bc23989ffe -> 
  custom:container-demuxer-webm: 4f35f7cbe854078d1ac9338744f61a02 -> 
  custom:audio-encoder-webm-vorbis: bf7c407c2cedff20999df2af8eb42d56 -> 
  custom:container-muxer-webm: aa71ff27fc2769a1b78a27578f13a17b -> 
========================================================================
Received Import Request.
  Time since last request: 4788.191337 seconds.
  path: Assets/Scripts/ScriptableObject/HealthSignal.asset
  artifactKey: Guid(fcc9d84ccb8b9344b9d535b498cf76ec) Importer(815301076,1909f56bfc062723c751e8b465ee728b)
Start importing Assets/Scripts/ScriptableObject/HealthSignal.asset using Guid(fcc9d84ccb8b9344b9d535b498cf76ec) Importer(815301076,1909f56bfc062723c751e8b465ee728b)  -> (artifact id: '49f916926076d59d0aa41249995b0e67') in 0.011307 seconds
Number of updated asset objects reloaded before import = 0
Number of asset objects unloaded after import = 1
========================================================================
Received Import Request.
  Time since last request: 0.000025 seconds.
  path: Assets/Scripts/ScriptableObject/HeartContainer.asset
  artifactKey: Guid(31e676c6a51f00346aa2571a9e878094) Importer(815301076,1909f56bfc062723c751e8b465ee728b)
Start importing Assets/Scripts/ScriptableObject/HeartContainer.asset using Guid(31e676c6a51f00346aa2571a9e878094) Importer(815301076,1909f56bfc062723c751e8b465ee728b)  -> (artifact id: '1a546872e5ff0c633b4a8aaeca30bae3') in 0.001390 seconds
Number of updated asset objects reloaded before import = 0
Number of asset objects unloaded after import = 1
========================================================================
Received Import Request.
  Time since last request: 0.000014 seconds.
  path: Assets/Scripts/ScriptableObject/TwoEnemyHealth.asset
  artifactKey: Guid(ed961d0a7988ef148bcaf3ae5072e64d) Importer(815301076,1909f56bfc062723c751e8b465ee728b)
Start importing Assets/Scripts/ScriptableObject/TwoEnemyHealth.asset using Guid(ed961d0a7988ef148bcaf3ae5072e64d) Importer(815301076,1909f56bfc062723c751e8b465ee728b)  -> (artifact id: '0ed5ce635af14656b3a893e1c1a67ad7') in 0.000792 seconds
Number of updated asset objects reloaded before import = 0
Number of asset objects unloaded after import = 1
========================================================================
Received Import Request.
  Time since last request: 0.000013 seconds.
  path: Assets/Materials/Slippery.physicsMaterial2D
  artifactKey: Guid(805cd9a9343652b47bc970b0f833403b) Importer(815301076,1909f56bfc062723c751e8b465ee728b)
Start importing Assets/Materials/Slippery.physicsMaterial2D using Guid(805cd9a9343652b47bc970b0f833403b) Importer(815301076,1909f56bfc062723c751e8b465ee728b)  -> (artifact id: '31ab053e786ec2acede8ce295d85c717') in 0.000725 seconds
Number of updated asset objects reloaded before import = 0
Number of asset objects unloaded after import = 1
========================================================================
Received Import Request.
  Time since last request: 0.000014 seconds.
  path: Assets/Prefabs/door.prefab
  artifactKey: Guid(0fc3719e4342a854388aecaed6fd1e03) Importer(815301076,1909f56bfc062723c751e8b465ee728b)
Start importing Assets/Prefabs/door.prefab using Guid(0fc3719e4342a854388aecaed6fd1e03) Importer(815301076,1909f56bfc062723c751e8b465ee728b)  -> (artifact id: 'b845e8b1351832e7d09127d6b9c09663') in 0.073480 seconds
Number of updated asset objects reloaded before import = 0
Number of asset objects unloaded after import = 9
========================================================================
Received Import Request.
  Time since last request: 24.548139 seconds.
  path: Assets/TilePalette/Grass_1.asset
  artifactKey: Guid(2d4560ea3a0f3ba448b3540b6ddcee6f) Importer(815301076,1909f56bfc062723c751e8b465ee728b)
Start importing Assets/TilePalette/Grass_1.asset using Guid(2d4560ea3a0f3ba448b3540b6ddcee6f) Importer(815301076,1909f56bfc062723c751e8b465ee728b)  -> (artifact id: '42619a20588f99b6bf67e6eb8944027a') in 0.019916 seconds
Number of updated asset objects reloaded before import = 0
Number of asset objects unloaded after import = 3
========================================================================
Received Import Request.
  Time since last request: 0.000021 seconds.
  path: Assets/TilePalette/objects_8.asset
  artifactKey: Guid(fc59fa87169f2b1428fedd7d9d601dad) Importer(815301076,1909f56bfc062723c751e8b465ee728b)
Start importing Assets/TilePalette/objects_8.asset using Guid(fc59fa87169f2b1428fedd7d9d601dad) Importer(815301076,1909f56bfc062723c751e8b465ee728b)  -> (artifact id: '90f93f9870cde0175bf855cf4a557216') in 0.011090 seconds
Number of updated asset objects reloaded before import = 0
Number of asset objects unloaded after import = 3
========================================================================
Received Import Request.
  Time since last request: 0.000021 seconds.
  path: Assets/TilePalette/objects_1.asset
  artifactKey: Guid(2f09571c720b23f4e97ca5f8cf6940b3) Importer(815301076,1909f56bfc062723c751e8b465ee728b)
Start importing Assets/TilePalette/objects_1.asset using Guid(2f09571c720b23f4e97ca5f8cf6940b3) Importer(815301076,1909f56bfc062723c751e8b465ee728b)  -> (artifact id: 'a1ac2de30f2af3fb103579b5f2f9f507') in 0.008889 seconds
Number of updated asset objects reloaded before import = 0
Number of asset objects unloaded after import = 3
========================================================================
Received Import Request.
  Time since last request: 0.000053 seconds.
  path: Assets/TilePalette/Grass_7.asset
  artifactKey: Guid(f73fac7d61fddc54895faef4edca7230) Importer(815301076,1909f56bfc062723c751e8b465ee728b)
Start importing Assets/TilePalette/Grass_7.asset using Guid(f73fac7d61fddc54895faef4edca7230) Importer(815301076,1909f56bfc062723c751e8b465ee728b)  -> (artifact id: '37346107cca95e374293462d1640b301') in 0.011896 seconds
Number of updated asset objects reloaded before import = 0
Number of asset objects unloaded after import = 3
========================================================================
Received Import Request.
  Time since last request: 0.000017 seconds.
  path: Assets/TilePalette/objects_6.asset
  artifactKey: Guid(5026974274f9ee043ab626d2d85cf13f) Importer(815301076,1909f56bfc062723c751e8b465ee728b)
Start importing Assets/TilePalette/objects_6.asset using Guid(5026974274f9ee043ab626d2d85cf13f) Importer(815301076,1909f56bfc062723c751e8b465ee728b)  -> (artifact id: '948ff8410b621f8481db7b0fcba3ff13') in 0.010687 seconds
Number of updated asset objects reloaded before import = 0
Number of asset objects unloaded after import = 3
========================================================================
Received Import Request.
  Time since last request: 0.000025 seconds.
  path: Assets/TilePalette/Ground.prefab
  artifactKey: Guid(dc0c510492cf58c419e1d6a74f76515e) Importer(815301076,1909f56bfc062723c751e8b465ee728b)
Start importing Assets/TilePalette/Ground.prefab using Guid(dc0c510492cf58c419e1d6a74f76515e) Importer(815301076,1909f56bfc062723c751e8b465ee728b)  -> (artifact id: '105b1166738fce91d685b2e75435088f') in 0.246350 seconds
Number of updated asset objects reloaded before import = 0
Number of asset objects unloaded after import = 2069
========================================================================
Received Import Request.
  Time since last request: 0.000022 seconds.
  path: Assets/TilePalette/objects_10.asset
  artifactKey: Guid(f768b96717c129c438b852103dfa15b7) Importer(815301076,1909f56bfc062723c751e8b465ee728b)
Start importing Assets/TilePalette/objects_10.asset using Guid(f768b96717c129c438b852103dfa15b7) Importer(815301076,1909f56bfc062723c751e8b465ee728b)  -> (artifact id: '569133a487d7b0ef385cf4a4406ad570') in 0.011142 seconds
Number of updated asset objects reloaded before import = 0
Number of asset objects unloaded after import = 3
========================================================================
Received Import Request.
  Time since last request: 0.000019 seconds.
  path: Assets/TilePalette/Grass_2.asset
  artifactKey: Guid(63ce2881173d1f34ab5c6b1e2845f116) Importer(815301076,1909f56bfc062723c751e8b465ee728b)
Start importing Assets/TilePalette/Grass_2.asset using Guid(63ce2881173d1f34ab5c6b1e2845f116) Importer(815301076,1909f56bfc062723c751e8b465ee728b)  -> (artifact id: '116f68d193285479903f0ae833fd2b5d') in 0.009519 seconds
Number of updated asset objects reloaded before import = 0
Number of asset objects unloaded after import = 3
========================================================================
Received Import Request.
  Time since last request: 0.000022 seconds.
  path: Assets/TilePalette/objects_0.asset
  artifactKey: Guid(d5f4c3fb933caea4a9f5326da6e09ec8) Importer(815301076,1909f56bfc062723c751e8b465ee728b)
Start importing Assets/TilePalette/objects_0.asset using Guid(d5f4c3fb933caea4a9f5326da6e09ec8) Importer(815301076,1909f56bfc062723c751e8b465ee728b)  -> (artifact id: 'b2bec719e7f71c4ca24b524cd2745bcf') in 0.013173 seconds
Number of updated asset objects reloaded before import = 0
Number of asset objects unloaded after import = 3
========================================================================
Received Import Request.
  Time since last request: 0.000020 seconds.
  path: Assets/TilePalette/Grass_11.asset
  artifactKey: Guid(9e179185a7a0be24da48f78d7a66c464) Importer(815301076,1909f56bfc062723c751e8b465ee728b)
Start importing Assets/TilePalette/Grass_11.asset using Guid(9e179185a7a0be24da48f78d7a66c464) Importer(815301076,1909f56bfc062723c751e8b465ee728b)  -> (artifact id: '19e69aefd26f076daaa8225fe555e26f') in 0.006765 seconds
Number of updated asset objects reloaded before import = 0
Number of asset objects unloaded after import = 3
========================================================================
Received Import Request.
  Time since last request: 0.000016 seconds.
  path: Assets/TilePalette/objects_4.asset
  artifactKey: Guid(261c2ec6896f3f543b8cccc3fa983743) Importer(815301076,1909f56bfc062723c751e8b465ee728b)
Start importing Assets/TilePalette/objects_4.asset using Guid(261c2ec6896f3f543b8cccc3fa983743) Importer(815301076,1909f56bfc062723c751e8b465ee728b)  -> (artifact id: '6985d5124a4f33a1ca6553306ad07f64') in 0.010707 seconds
Number of updated asset objects reloaded before import = 0
Number of asset objects unloaded after import = 3
========================================================================
Received Import Request.
  Time since last request: 0.000020 seconds.
  path: Assets/TilePalette/Grass_3.asset
  artifactKey: Guid(df8a2fb7d7a49e644838b0cda8ce7c0c) Importer(815301076,1909f56bfc062723c751e8b465ee728b)
Start importing Assets/TilePalette/Grass_3.asset using Guid(df8a2fb7d7a49e644838b0cda8ce7c0c) Importer(815301076,1909f56bfc062723c751e8b465ee728b)  -> (artifact id: 'db618be0afa829aed1bd49c5692cb5bb') in 0.010410 seconds
Number of updated asset objects reloaded before import = 0
Number of asset objects unloaded after import = 3
========================================================================
Received Import Request.
  Time since last request: 0.000019 seconds.
  path: Assets/TilePalette/Grass_9.asset
  artifactKey: Guid(8454b370a48b0e04bab0a8ddb3ae0754) Importer(815301076,1909f56bfc062723c751e8b465ee728b)
Start importing Assets/TilePalette/Grass_9.asset using Guid(8454b370a48b0e04bab0a8ddb3ae0754) Importer(815301076,1909f56bfc062723c751e8b465ee728b)  -> (artifact id: '8a62f379c7f6ec3fc45cceb089e8cfee') in 0.003279 seconds
Number of updated asset objects reloaded before import = 0
Number of asset objects unloaded after import = 3
========================================================================
Received Import Request.
  Time since last request: 0.000013 seconds.
  path: Assets/TilePalette/objects_2.asset
  artifactKey: Guid(6f4b808ff2c56714db7d9d70689938fd) Importer(815301076,1909f56bfc062723c751e8b465ee728b)
Start importing Assets/TilePalette/objects_2.asset using Guid(6f4b808ff2c56714db7d9d70689938fd) Importer(815301076,1909f56bfc062723c751e8b465ee728b)  -> (artifact id: '3e4f7f4705d6b9b0e241b7a57fe32ad3') in 0.009839 seconds
Number of updated asset objects reloaded before import = 0
Number of asset objects unloaded after import = 3
========================================================================
Received Import Request.
  Time since last request: 0.000017 seconds.
  path: Assets/TilePalette/objects_12.asset
  artifactKey: Guid(0ea24f46ef343b645a4592ab1917451a) Importer(815301076,1909f56bfc062723c751e8b465ee728b)
Start importing Assets/TilePalette/objects_12.asset using Guid(0ea24f46ef343b645a4592ab1917451a) Importer(815301076,1909f56bfc062723c751e8b465ee728b)  -> (artifact id: 'c91a3cacb21b050b9dbcff83891621f3') in 0.010626 seconds
Number of updated asset objects reloaded before import = 0
Number of asset objects unloaded after import = 3
========================================================================
Received Import Request.
  Time since last request: 0.000022 seconds.
  path: Assets/TilePalette/Ground3.prefab
  artifactKey: Guid(910d9c1110d6c624ca2fe220ab6ae59a) Importer(815301076,1909f56bfc062723c751e8b465ee728b)
Start importing Assets/TilePalette/Ground3.prefab using Guid(910d9c1110d6c624ca2fe220ab6ae59a) Importer(815301076,1909f56bfc062723c751e8b465ee728b)  -> (artifact id: 'd638e8984fa84105ee5aad4e5913e1b5') in 0.020983 seconds
Number of updated asset objects reloaded before import = 0
Number of asset objects unloaded after import = 78
========================================================================
Received Import Request.
  Time since last request: 0.000023 seconds.
  path: Assets/TilePalette/Grass_6.asset
  artifactKey: Guid(190cc9247dd012c4e9160315626420f5) Importer(815301076,1909f56bfc062723c751e8b465ee728b)
Start importing Assets/TilePalette/Grass_6.asset using Guid(190cc9247dd012c4e9160315626420f5) Importer(815301076,1909f56bfc062723c751e8b465ee728b)  -> (artifact id: 'd75bd8cdd9874f04f901065d6c9518a1') in 0.010258 seconds
Number of updated asset objects reloaded before import = 0
Number of asset objects unloaded after import = 3
========================================================================
Received Import Request.
  Time since last request: 3.465006 seconds.
  path: Assets/Art/Chara/attack1.png
  artifactKey: Guid(aeea4fdefec39fc4ebf177281b0f9375) Importer(815301076,1909f56bfc062723c751e8b465ee728b)
Start importing Assets/Art/Chara/attack1.png using Guid(aeea4fdefec39fc4ebf177281b0f9375) Importer(815301076,1909f56bfc062723c751e8b465ee728b)  -> (artifact id: '28723f19ff1defa56c880b6533eedbd9') in 0.064818 seconds
Number of updated asset objects reloaded before import = 0
Number of asset objects unloaded after import = 18
========================================================================
Received Import Request.
  Time since last request: 0.000020 seconds.
  path: Assets/Art/Chara/pixil-frame-0 (1).png
  artifactKey: Guid(03e686df125f9344daeb22bfb4a14296) Importer(815301076,1909f56bfc062723c751e8b465ee728b)
Start importing Assets/Art/Chara/pixil-frame-0 (1).png using Guid(03e686df125f9344daeb22bfb4a14296) Importer(815301076,1909f56bfc062723c751e8b465ee728b)  -> (artifact id: 'd76c7512738a8985f275e2c1d2d1f6e7') in 0.018314 seconds
Number of updated asset objects reloaded before import = 0
Number of asset objects unloaded after import = 3
========================================================================
Received Import Request.
  Time since last request: 0.000019 seconds.
  path: Assets/Art/Chara/pixil-frame-0.png
  artifactKey: Guid(653d1532b8992e649a46c3ac23bad935) Importer(815301076,1909f56bfc062723c751e8b465ee728b)
Start importing Assets/Art/Chara/pixil-frame-0.png using Guid(653d1532b8992e649a46c3ac23bad935) Importer(815301076,1909f56bfc062723c751e8b465ee728b)  -> (artifact id: 'd794478ee7fc435049bb50875f0ae6ad') in 0.046449 seconds
Number of updated asset objects reloaded before import = 0
Number of asset objects unloaded after import = 18
========================================================================
Received Prepare
Begin MonoManager ReloadAssembly
Symbol file LoadedFromMemory is not a mono symbol file
- Loaded All Assemblies, in  0.465 seconds
Refreshing native plugins compatible for Editor in 3.56 ms, found 2 plugins.
Native extension for WindowsStandalone target not found
Native extension for Android target not found
Native extension for WebGL target not found
[Package Manager] Server::EnsureServerProcessIsRunning -- launch failed, reason: Unity was launched with the -noUpm command-line argument
[Package Manager] UpmClient::Send -- Unable to send message (not connected to UPM process).
[Package Manager] Cannot connect to Unity Package Manager local server
Mono: successfully reloaded assembly
- Finished resetting the current domain, in  0.787 seconds
Domain Reload Profiling: 1253ms
	BeginReloadAssembly (216ms)
		ExecutionOrderSort (0ms)
		DisableScriptedObjects (4ms)
		BackupInstance (0ms)
		ReleaseScriptingObjects (0ms)
		CreateAndSetChildDomain (31ms)
	RebuildCommonClasses (28ms)
	RebuildNativeTypeToScriptingClass (13ms)
	initialDomainReloadingComplete (21ms)
	LoadAllAssembliesAndSetupDomain (187ms)
		LoadAssemblies (246ms)
		RebuildTransferFunctionScriptingTraits (0ms)
		AnalyzeDomain (10ms)
			TypeCache.Refresh (5ms)
				TypeCache.ScanAssembly (0ms)
			ScanForSourceGeneratedMonoScriptInfo (0ms)
			ResolveRequiredComponents (3ms)
	FinalizeReload (787ms)
		ReleaseScriptCaches (0ms)
		RebuildScriptCaches (0ms)
		SetupLoadedEditorAssemblies (521ms)
			LogAssemblyErrors (0ms)
			InitializePlatformSupportModulesInManaged (17ms)
			SetLoadedEditorAssemblies (5ms)
			RefreshPlugins (0ms)
			BeforeProcessingInitializeOnLoad (50ms)
			ProcessInitializeOnLoadAttributes (296ms)
			ProcessInitializeOnLoadMethodAttributes (151ms)
			AfterProcessingInitializeOnLoad (1ms)
			EditorAssembliesLoaded (0ms)
		ExecutionOrderSort2 (0ms)
		AwakeInstancesAfterBackupRestoration (9ms)
Refreshing native plugins compatible for Editor in 4.00 ms, found 2 plugins.
Preloading 0 native plugins for Editor in 0.00 ms.
Unloading 2540 Unused Serialized files (Serialized files now loaded: 0)
Unloading 52 unused Assets / (43.2 KB). Loaded Objects now: 3039.
Memory consumption went from 118.2 MB to 118.1 MB.
Total: 5.088300 ms (FindLiveObjects: 0.163500 ms CreateObjectMapping: 0.060500 ms MarkObjects: 4.782500 ms  DeleteObjects: 0.080500 ms)

Prepare: number of updated asset objects reloaded= 0
AssetImportParameters requested are different than current active one (requested -> active):
  custom:video-decoder-webm-vp8: 9c59270c3fd7afecdb556c50c9e8de78 -> 
  custom:SearchIndexIgnoredProperties: e643bd26f0fe6173181afceb89e7c659 -> 
  custom:container-demuxer-ogg: 62fdf1f143b41e24485cea50d1cbac27 -> 
  custom:AudioImporter_EditorPlatform: d09bf68614088b80899f8185d706f6e7 -> 
  custom:video-codec-MediaFoundation-h265: 746d11721c4dcdbdad8f713fa42b33f4 -> 
  custom:video-decoder-ogg-theora: a1e56fd34408186e4bbccfd4996cb3dc -> 
  custom:framework-win-MediaFoundation: 216162199b28c13a410421893ffa2e32 -> 
  custom:video-encoder-webm-vp8: eb34c28f22e8b96e1ab97ce403110664 -> 
  custom:audio-decoder-ogg-vorbis: bf7c407c2cedff20999df2af8eb42d56 -> 
  custom:CustomObjectIndexerAttribute: 756ad292c208cfabdd7b50bc23989ffe -> 
  custom:container-demuxer-webm: 4f35f7cbe854078d1ac9338744f61a02 -> 
  custom:audio-encoder-webm-vorbis: bf7c407c2cedff20999df2af8eb42d56 -> 
  custom:container-muxer-webm: aa71ff27fc2769a1b78a27578f13a17b -> 
